<?xml version="1.0" encoding="UTF-8" ?>
<testsuite tests="7" failures="0" name="org.example.MainTest" time="24.616" errors="0" skipped="0">
  <properties>
[...]
</properties>
  <testcase classname="org.example.MainTest" name="org.example.MainTest.testaCriar" time="3.821"/>
  <testcase classname="org.example.MainTest" name="org.example.MainTest.testaDeletar" time="0"/>
  <testcase classname="org.example.MainTest" name="org.example.MainTest.testa_web_scrape" time="1.452"/>
  <testcase classname="org.example.MainTest" name="org.example.MainTest.testa_web_scrape_get_volume" time="1.688"/>
  <testcase classname="org.example.MainTest" name="org.example.MainTest.testaUpdate" time="2.778"/>
  <testcase classname="org.example.MainTest" name="org.example.MainTest.testAddAcao" time="13.369"/>
  <testcase classname="org.example.MainTest" name="org.example.MainTest.testaVOlume" time="1.508"/>
</testsuite>